------------------------------------------------------------------------------------------------------------------------

<<<<<<< HEAD
[2022-09-19 16:54:36 #1 store] 
Database 'C:\Users\Iosu\git\SI2Proiektua\src\main\resources\bets.temp' is opened by 7668@DESKTOP-KGVNL32

[2022-09-19 16:54:37 #2 type.registry] 
New type domain.Team

[2022-09-19 16:54:37 #3 type] 
Type domain.Team is not enhanced.

[2022-09-19 16:54:37 #4 type.registry] 
New type domain.Event

[2022-09-19 16:54:37 #5 type.registry] 
New type java.util.Vector<domain.Event>

[2022-09-19 16:54:37 #6 type.registry] 
New type domain.User

[2022-09-19 16:54:37 #7 type.registry] 
New type domain.Registered

[2022-09-19 16:54:37 #8 type.registry] 
New type java.util.Vector<domain.Registered>

[2022-09-19 16:54:37 #9 type] 
Type domain.Event is not enhanced.

[2022-09-19 16:54:37 #10 type.registry] 
New type domain.Sport

[2022-09-19 16:54:37 #11 type.registry] 
New type domain.Question

[2022-09-19 16:54:37 #12 type.registry] 
New type java.util.Vector<domain.Question>

[2022-09-19 16:54:37 #13 type] 
Type domain.User is not enhanced.

[2022-09-19 16:54:37 #14 type.registry] 
New type domain.Elkarrizketa

[2022-09-19 16:54:37 #15 type.registry] 
New type java.util.Vector<domain.Elkarrizketa>

[2022-09-19 16:54:37 #16 type.registry] 
New type domain.Message

[2022-09-19 16:54:37 #17 type.registry] 
New type java.util.Vector<domain.Message>

[2022-09-19 16:54:37 #18 type] 
Type domain.Registered is not enhanced.

[2022-09-19 16:54:37 #19 type.registry] 
New type domain.KirolEstatistikak

[2022-09-19 16:54:37 #20 type.registry] 
New type java.util.Vector<domain.KirolEstatistikak>

[2022-09-19 16:54:37 #21 type.registry] 
New type domain.Jarraitzailea

[2022-09-19 16:54:37 #22 type.registry] 
New type java.util.Vector<domain.Jarraitzailea>

[2022-09-19 16:54:37 #23 type.registry] 
New type domain.ApustuAnitza

[2022-09-19 16:54:37 #24 type.registry] 
New type java.util.Vector<domain.ApustuAnitza>

[2022-09-19 16:54:37 #25 type.registry] 
New type domain.Transaction

[2022-09-19 16:54:37 #26 type.registry] 
New type java.util.Vector<domain.Transaction>

[2022-09-19 16:54:37 #27 type] 
Type domain.Sport is not enhanced.

[2022-09-19 16:54:37 #28 type] 
Type domain.Question is not enhanced.

[2022-09-19 16:54:37 #29 type.registry] 
New type domain.Quote

[2022-09-19 16:54:37 #30 type.registry] 
New type java.util.Vector<domain.Quote>

[2022-09-19 16:54:37 #31 type] 
Type domain.Elkarrizketa is not enhanced.

[2022-09-19 16:54:37 #32 type] 
Type domain.Message is not enhanced.

[2022-09-19 16:54:37 #33 type] 
Type domain.KirolEstatistikak is not enhanced.

[2022-09-19 16:54:37 #34 type] 
Type domain.Jarraitzailea is not enhanced.

[2022-09-19 16:54:37 #35 type] 
Type domain.ApustuAnitza is not enhanced.

[2022-09-19 16:54:37 #36 type.registry] 
New type domain.Apustua

[2022-09-19 16:54:37 #37 type.registry] 
New type java.util.Vector<domain.Apustua>

[2022-09-19 16:54:37 #38 type] 
Type domain.Transaction is not enhanced.

[2022-09-19 16:54:37 #39 type] 
Type domain.Quote is not enhanced.

[2022-09-19 16:54:37 #40 type] 
Type domain.Apustua is not enhanced.

------------------------------------------------------------------------------------------------------------------------

[2022-09-19 16:55:58 #1 store] 
Database 'C:\Users\Iosu\git\SI2Proiektua\src\main\resources\bets.temp' is opened by 11300@DESKTOP-KGVNL32

[2022-09-19 16:55:59 #2 type.registry] 
New type domain.Team

[2022-09-19 16:55:59 #3 type] 
Type domain.Team is not enhanced.

[2022-09-19 16:55:59 #4 type.registry] 
New type domain.Event

[2022-09-19 16:55:59 #5 type.registry] 
New type java.util.Vector<domain.Event>

[2022-09-19 16:55:59 #6 type.registry] 
New type domain.User

[2022-09-19 16:55:59 #7 type.registry] 
New type domain.Registered

[2022-09-19 16:55:59 #8 type.registry] 
New type java.util.Vector<domain.Registered>

[2022-09-19 16:55:59 #9 type] 
Type domain.Event is not enhanced.

[2022-09-19 16:55:59 #10 type.registry] 
New type domain.Sport

[2022-09-19 16:55:59 #11 type.registry] 
New type domain.Question

[2022-09-19 16:55:59 #12 type.registry] 
New type java.util.Vector<domain.Question>

[2022-09-19 16:55:59 #13 type] 
Type domain.User is not enhanced.

[2022-09-19 16:55:59 #14 type.registry] 
New type domain.Elkarrizketa

[2022-09-19 16:55:59 #15 type.registry] 
New type java.util.Vector<domain.Elkarrizketa>

[2022-09-19 16:55:59 #16 type.registry] 
New type domain.Message

[2022-09-19 16:55:59 #17 type.registry] 
New type java.util.Vector<domain.Message>

[2022-09-19 16:55:59 #18 type] 
Type domain.Registered is not enhanced.

[2022-09-19 16:55:59 #19 type.registry] 
New type domain.KirolEstatistikak

[2022-09-19 16:55:59 #20 type.registry] 
New type java.util.Vector<domain.KirolEstatistikak>

[2022-09-19 16:55:59 #21 type.registry] 
New type domain.Jarraitzailea

[2022-09-19 16:55:59 #22 type.registry] 
New type java.util.Vector<domain.Jarraitzailea>

[2022-09-19 16:55:59 #23 type.registry] 
New type domain.ApustuAnitza

[2022-09-19 16:55:59 #24 type.registry] 
New type java.util.Vector<domain.ApustuAnitza>

[2022-09-19 16:55:59 #25 type.registry] 
New type domain.Transaction

[2022-09-19 16:55:59 #26 type.registry] 
New type java.util.Vector<domain.Transaction>

[2022-09-19 16:55:59 #27 type] 
Type domain.Sport is not enhanced.

[2022-09-19 16:55:59 #28 type] 
Type domain.Question is not enhanced.

[2022-09-19 16:55:59 #29 type.registry] 
New type domain.Quote

[2022-09-19 16:55:59 #30 type.registry] 
New type java.util.Vector<domain.Quote>

[2022-09-19 16:55:59 #31 type] 
Type domain.Elkarrizketa is not enhanced.

[2022-09-19 16:55:59 #32 type] 
Type domain.Message is not enhanced.

[2022-09-19 16:55:59 #33 type] 
Type domain.KirolEstatistikak is not enhanced.

[2022-09-19 16:55:59 #34 type] 
Type domain.Jarraitzailea is not enhanced.

[2022-09-19 16:55:59 #35 type] 
Type domain.ApustuAnitza is not enhanced.

[2022-09-19 16:55:59 #36 type.registry] 
New type domain.Apustua

[2022-09-19 16:55:59 #37 type.registry] 
New type java.util.Vector<domain.Apustua>

[2022-09-19 16:55:59 #38 type] 
Type domain.Transaction is not enhanced.

[2022-09-19 16:55:59 #39 type] 
Type domain.Quote is not enhanced.

[2022-09-19 16:55:59 #40 type] 
Type domain.Apustua is not enhanced.

[2022-09-19 16:55:59 #41 type.registry] 
New type domain.Admin

[2022-09-19 16:55:59 #42 type] 
Type domain.Admin is not enhanced.

[2022-09-19 16:55:59 #43 type.registry] 
New type java.util.Vector<java.lang.Object>

------------------------------------------------------------------------------------------------------------------------

[2022-09-19 17:02:36 #1 store] 
Database 'C:\Users\Iosu\git\SI2Proiektua\src\main\resources\bets.temp' is opened by 1280@DESKTOP-KGVNL32

[2022-09-19 17:02:36 #2 type.registry] 
New type domain.Team

[2022-09-19 17:02:36 #3 type] 
Type domain.Team is not enhanced.

[2022-09-19 17:02:36 #4 type.registry] 
New type domain.Event

[2022-09-19 17:02:36 #5 type.registry] 
New type java.util.Vector<domain.Event>

[2022-09-19 17:02:36 #6 type.registry] 
New type domain.User

[2022-09-19 17:02:36 #7 type.registry] 
New type domain.Registered

[2022-09-19 17:02:36 #8 type.registry] 
New type java.util.Vector<domain.Registered>

[2022-09-19 17:02:36 #9 type] 
Type domain.Event is not enhanced.

[2022-09-19 17:02:36 #10 type.registry] 
New type domain.Sport

[2022-09-19 17:02:36 #11 type.registry] 
New type domain.Question

[2022-09-19 17:02:36 #12 type.registry] 
New type java.util.Vector<domain.Question>

[2022-09-19 17:02:36 #13 type] 
Type domain.User is not enhanced.

[2022-09-19 17:02:36 #14 type.registry] 
New type domain.Elkarrizketa

[2022-09-19 17:02:36 #15 type.registry] 
New type java.util.Vector<domain.Elkarrizketa>

[2022-09-19 17:02:36 #16 type.registry] 
New type domain.Message

[2022-09-19 17:02:36 #17 type.registry] 
New type java.util.Vector<domain.Message>

[2022-09-19 17:02:36 #18 type] 
Type domain.Registered is not enhanced.

[2022-09-19 17:02:36 #19 type.registry] 
New type domain.KirolEstatistikak

[2022-09-19 17:02:36 #20 type.registry] 
New type java.util.Vector<domain.KirolEstatistikak>

[2022-09-19 17:02:36 #21 type.registry] 
New type domain.Jarraitzailea

[2022-09-19 17:02:36 #22 type.registry] 
New type java.util.Vector<domain.Jarraitzailea>

[2022-09-19 17:02:36 #23 type.registry] 
New type domain.ApustuAnitza

[2022-09-19 17:02:36 #24 type.registry] 
New type java.util.Vector<domain.ApustuAnitza>

[2022-09-19 17:02:36 #25 type.registry] 
New type domain.Transaction

[2022-09-19 17:02:36 #26 type.registry] 
New type java.util.Vector<domain.Transaction>

[2022-09-19 17:02:36 #27 type] 
Type domain.Sport is not enhanced.

[2022-09-19 17:02:36 #28 type] 
Type domain.Question is not enhanced.

[2022-09-19 17:02:36 #29 type.registry] 
New type domain.Quote

[2022-09-19 17:02:36 #30 type.registry] 
New type java.util.Vector<domain.Quote>

[2022-09-19 17:02:36 #31 type] 
Type domain.Elkarrizketa is not enhanced.

[2022-09-19 17:02:36 #32 type] 
Type domain.Message is not enhanced.

[2022-09-19 17:02:36 #33 type] 
Type domain.KirolEstatistikak is not enhanced.

[2022-09-19 17:02:36 #34 type] 
Type domain.Jarraitzailea is not enhanced.

[2022-09-19 17:02:36 #35 type] 
Type domain.ApustuAnitza is not enhanced.

[2022-09-19 17:02:36 #36 type.registry] 
New type domain.Apustua

[2022-09-19 17:02:36 #37 type.registry] 
New type java.util.Vector<domain.Apustua>

[2022-09-19 17:02:36 #38 type] 
Type domain.Transaction is not enhanced.

[2022-09-19 17:02:36 #39 type] 
Type domain.Quote is not enhanced.

[2022-09-19 17:02:36 #40 type] 
Type domain.Apustua is not enhanced.

[2022-09-19 17:02:36 #41 type.registry] 
New type domain.Admin

[2022-09-19 17:02:36 #42 type] 
Type domain.Admin is not enhanced.

[2022-09-19 17:02:36 #43 type.registry] 
New type java.util.Vector<java.lang.Object>

------------------------------------------------------------------------------------------------------------------------

[2022-09-19 17:12:32 #1 store] 
Database 'C:\Users\Iosu\git\SI2Proiektua\src\main\resources\bets.temp' is opened by 15396@DESKTOP-KGVNL32

[2022-09-19 17:12:33 #2 type.registry] 
New type domain.Team

[2022-09-19 17:12:33 #3 type] 
Type domain.Team is not enhanced.

[2022-09-19 17:12:33 #4 type.registry] 
New type domain.Event

[2022-09-19 17:12:33 #5 type.registry] 
New type java.util.Vector<domain.Event>

[2022-09-19 17:12:33 #6 type.registry] 
New type domain.User

[2022-09-19 17:12:33 #7 type.registry] 
New type domain.Registered

[2022-09-19 17:12:33 #8 type.registry] 
New type java.util.Vector<domain.Registered>

[2022-09-19 17:12:33 #9 type] 
Type domain.Event is not enhanced.

[2022-09-19 17:12:33 #10 type.registry] 
New type domain.Sport

[2022-09-19 17:12:33 #11 type.registry] 
New type domain.Question

[2022-09-19 17:12:33 #12 type.registry] 
New type java.util.Vector<domain.Question>

[2022-09-19 17:12:33 #13 type] 
Type domain.User is not enhanced.

[2022-09-19 17:12:33 #14 type.registry] 
New type domain.Elkarrizketa

[2022-09-19 17:12:33 #15 type.registry] 
New type java.util.Vector<domain.Elkarrizketa>

[2022-09-19 17:12:33 #16 type.registry] 
New type domain.Message

[2022-09-19 17:12:33 #17 type.registry] 
New type java.util.Vector<domain.Message>

[2022-09-19 17:12:33 #18 type] 
Type domain.Registered is not enhanced.

[2022-09-19 17:12:33 #19 type.registry] 
New type domain.KirolEstatistikak

[2022-09-19 17:12:33 #20 type.registry] 
New type java.util.Vector<domain.KirolEstatistikak>

[2022-09-19 17:12:33 #21 type.registry] 
New type domain.Jarraitzailea

[2022-09-19 17:12:33 #22 type.registry] 
New type java.util.Vector<domain.Jarraitzailea>

[2022-09-19 17:12:33 #23 type.registry] 
New type domain.ApustuAnitza

[2022-09-19 17:12:33 #24 type.registry] 
New type java.util.Vector<domain.ApustuAnitza>

[2022-09-19 17:12:33 #25 type.registry] 
New type domain.Transaction

[2022-09-19 17:12:33 #26 type.registry] 
New type java.util.Vector<domain.Transaction>

[2022-09-19 17:12:33 #27 type] 
Type domain.Sport is not enhanced.

[2022-09-19 17:12:33 #28 type] 
Type domain.Question is not enhanced.

[2022-09-19 17:12:33 #29 type.registry] 
New type domain.Quote

[2022-09-19 17:12:33 #30 type.registry] 
New type java.util.Vector<domain.Quote>

[2022-09-19 17:12:33 #31 type] 
Type domain.Elkarrizketa is not enhanced.

[2022-09-19 17:12:33 #32 type] 
Type domain.Message is not enhanced.

[2022-09-19 17:12:33 #33 type] 
Type domain.KirolEstatistikak is not enhanced.

[2022-09-19 17:12:33 #34 type] 
Type domain.Jarraitzailea is not enhanced.

[2022-09-19 17:12:33 #35 type] 
Type domain.ApustuAnitza is not enhanced.

[2022-09-19 17:12:33 #36 type.registry] 
New type domain.Apustua

[2022-09-19 17:12:33 #37 type.registry] 
New type java.util.Vector<domain.Apustua>

[2022-09-19 17:12:33 #38 type] 
Type domain.Transaction is not enhanced.

[2022-09-19 17:12:33 #39 type] 
Type domain.Quote is not enhanced.

[2022-09-19 17:12:33 #40 type] 
Type domain.Apustua is not enhanced.

[2022-09-19 17:12:33 #41 type.registry] 
New type domain.Admin

[2022-09-19 17:12:33 #42 type] 
Type domain.Admin is not enhanced.

[2022-09-19 17:12:33 #43 type.registry] 
New type java.util.Vector<java.lang.Object>

------------------------------------------------------------------------------------------------------------------------

[2022-09-19 17:13:08 #1 store] 
Database 'C:\Users\Iosu\git\SI2Proiektua\src\main\resources\bets.temp' is opened by 9768@DESKTOP-KGVNL32

[2022-09-19 17:13:09 #2 type.registry] 
New type domain.Team

[2022-09-19 17:13:09 #3 type] 
Type domain.Team is not enhanced.

[2022-09-19 17:13:09 #4 type.registry] 
New type domain.Event

[2022-09-19 17:13:09 #5 type.registry] 
New type java.util.Vector<domain.Event>

[2022-09-19 17:13:09 #6 type.registry] 
New type domain.User

[2022-09-19 17:13:09 #7 type.registry] 
New type domain.Registered

[2022-09-19 17:13:09 #8 type.registry] 
New type java.util.Vector<domain.Registered>

[2022-09-19 17:13:09 #9 type] 
Type domain.Event is not enhanced.

[2022-09-19 17:13:09 #10 type.registry] 
New type domain.Sport

[2022-09-19 17:13:09 #11 type.registry] 
New type domain.Question

[2022-09-19 17:13:09 #12 type.registry] 
New type java.util.Vector<domain.Question>

[2022-09-19 17:13:09 #13 type] 
Type domain.User is not enhanced.

[2022-09-19 17:13:09 #14 type.registry] 
New type domain.Elkarrizketa

[2022-09-19 17:13:09 #15 type.registry] 
New type java.util.Vector<domain.Elkarrizketa>

[2022-09-19 17:13:09 #16 type.registry] 
New type domain.Message

[2022-09-19 17:13:09 #17 type.registry] 
New type java.util.Vector<domain.Message>

[2022-09-19 17:13:09 #18 type] 
Type domain.Registered is not enhanced.

[2022-09-19 17:13:09 #19 type.registry] 
New type domain.KirolEstatistikak

[2022-09-19 17:13:09 #20 type.registry] 
New type java.util.Vector<domain.KirolEstatistikak>

[2022-09-19 17:13:09 #21 type.registry] 
New type domain.Jarraitzailea

[2022-09-19 17:13:09 #22 type.registry] 
New type java.util.Vector<domain.Jarraitzailea>

[2022-09-19 17:13:09 #23 type.registry] 
New type domain.ApustuAnitza

[2022-09-19 17:13:09 #24 type.registry] 
New type java.util.Vector<domain.ApustuAnitza>

[2022-09-19 17:13:09 #25 type.registry] 
New type domain.Transaction

[2022-09-19 17:13:09 #26 type.registry] 
New type java.util.Vector<domain.Transaction>

[2022-09-19 17:13:09 #27 type] 
Type domain.Sport is not enhanced.

[2022-09-19 17:13:09 #28 type] 
Type domain.Question is not enhanced.

[2022-09-19 17:13:09 #29 type.registry] 
New type domain.Quote

[2022-09-19 17:13:09 #30 type.registry] 
New type java.util.Vector<domain.Quote>

[2022-09-19 17:13:09 #31 type] 
Type domain.Elkarrizketa is not enhanced.

[2022-09-19 17:13:09 #32 type] 
Type domain.Message is not enhanced.

[2022-09-19 17:13:09 #33 type] 
Type domain.KirolEstatistikak is not enhanced.

[2022-09-19 17:13:09 #34 type] 
Type domain.Jarraitzailea is not enhanced.

[2022-09-19 17:13:09 #35 type] 
Type domain.ApustuAnitza is not enhanced.

[2022-09-19 17:13:09 #36 type.registry] 
New type domain.Apustua

[2022-09-19 17:13:09 #37 type.registry] 
New type java.util.Vector<domain.Apustua>

[2022-09-19 17:13:09 #38 type] 
Type domain.Transaction is not enhanced.

[2022-09-19 17:13:09 #39 type] 
Type domain.Quote is not enhanced.

[2022-09-19 17:13:09 #40 type] 
Type domain.Apustua is not enhanced.

[2022-09-19 17:13:09 #41 type.registry] 
New type domain.Admin

[2022-09-19 17:13:09 #42 type] 
Type domain.Admin is not enhanced.

[2022-09-19 17:13:09 #43 type.registry] 
New type java.util.Vector<java.lang.Object>

------------------------------------------------------------------------------------------------------------------------

[2022-09-19 17:23:01 #1 store] 
Database 'C:\Users\Iosu\git\SI2Proiektua\src\main\resources\bets.temp' is opened by 10484@DESKTOP-KGVNL32

[2022-09-19 17:23:02 #2 type.registry] 
New type domain.Team

[2022-09-19 17:23:02 #3 type] 
Type domain.Team is not enhanced.

[2022-09-19 17:23:02 #4 type.registry] 
New type domain.Event

[2022-09-19 17:23:02 #5 type.registry] 
New type java.util.Vector<domain.Event>

[2022-09-19 17:23:02 #6 type.registry] 
New type domain.User

[2022-09-19 17:23:02 #7 type.registry] 
New type domain.Registered

[2022-09-19 17:23:02 #8 type.registry] 
New type java.util.Vector<domain.Registered>

[2022-09-19 17:23:02 #9 type] 
Type domain.Event is not enhanced.

[2022-09-19 17:23:02 #10 type.registry] 
New type domain.Sport

[2022-09-19 17:23:02 #11 type.registry] 
New type domain.Question

[2022-09-19 17:23:02 #12 type.registry] 
New type java.util.Vector<domain.Question>

[2022-09-19 17:23:02 #13 type] 
Type domain.User is not enhanced.

[2022-09-19 17:23:02 #14 type.registry] 
New type domain.Elkarrizketa

[2022-09-19 17:23:02 #15 type.registry] 
New type java.util.Vector<domain.Elkarrizketa>

[2022-09-19 17:23:02 #16 type.registry] 
New type domain.Message

[2022-09-19 17:23:02 #17 type.registry] 
New type java.util.Vector<domain.Message>

[2022-09-19 17:23:02 #18 type] 
Type domain.Registered is not enhanced.

[2022-09-19 17:23:02 #19 type.registry] 
New type domain.KirolEstatistikak

[2022-09-19 17:23:02 #20 type.registry] 
New type java.util.Vector<domain.KirolEstatistikak>

[2022-09-19 17:23:02 #21 type.registry] 
New type domain.Jarraitzailea

[2022-09-19 17:23:02 #22 type.registry] 
New type java.util.Vector<domain.Jarraitzailea>

[2022-09-19 17:23:02 #23 type.registry] 
New type domain.ApustuAnitza

[2022-09-19 17:23:02 #24 type.registry] 
New type java.util.Vector<domain.ApustuAnitza>

[2022-09-19 17:23:02 #25 type.registry] 
New type domain.Transaction

[2022-09-19 17:23:02 #26 type.registry] 
New type java.util.Vector<domain.Transaction>

[2022-09-19 17:23:02 #27 type] 
Type domain.Sport is not enhanced.

[2022-09-19 17:23:02 #28 type] 
Type domain.Question is not enhanced.

[2022-09-19 17:23:02 #29 type.registry] 
New type domain.Quote

[2022-09-19 17:23:02 #30 type.registry] 
New type java.util.Vector<domain.Quote>

[2022-09-19 17:23:02 #31 type] 
Type domain.Elkarrizketa is not enhanced.

[2022-09-19 17:23:02 #32 type] 
Type domain.Message is not enhanced.

[2022-09-19 17:23:02 #33 type] 
Type domain.KirolEstatistikak is not enhanced.

[2022-09-19 17:23:02 #34 type] 
Type domain.Jarraitzailea is not enhanced.

[2022-09-19 17:23:02 #35 type] 
Type domain.ApustuAnitza is not enhanced.

[2022-09-19 17:23:02 #36 type.registry] 
New type domain.Apustua

[2022-09-19 17:23:02 #37 type.registry] 
New type java.util.Vector<domain.Apustua>

[2022-09-19 17:23:02 #38 type] 
Type domain.Transaction is not enhanced.

[2022-09-19 17:23:02 #39 type] 
Type domain.Quote is not enhanced.

[2022-09-19 17:23:02 #40 type] 
Type domain.Apustua is not enhanced.

[2022-09-19 17:23:02 #41 type.registry] 
New type domain.Admin

[2022-09-19 17:23:02 #42 type] 
Type domain.Admin is not enhanced.

[2022-09-19 17:23:02 #43 type.registry] 
=======
[2022-09-19 16:26:51 #1 store] 
Database 'C:\Users\Alex\git\SI2Proiektua\src\main\resources\bets.temp' is opened by 3780@DESKTOP-V42EGP8

[2022-09-19 16:26:51 #2 type.registry] 
New type domain.Team

[2022-09-19 16:26:51 #3 type] 
Type domain.Team is not enhanced.

[2022-09-19 16:26:51 #4 type.registry] 
New type domain.Event

[2022-09-19 16:26:51 #5 type.registry] 
New type java.util.Vector<domain.Event>

[2022-09-19 16:26:51 #6 type.registry] 
New type domain.User

[2022-09-19 16:26:51 #7 type.registry] 
New type domain.Registered

[2022-09-19 16:26:51 #8 type.registry] 
New type java.util.Vector<domain.Registered>

[2022-09-19 16:26:51 #9 type] 
Type domain.Event is not enhanced.

[2022-09-19 16:26:51 #10 type.registry] 
New type domain.Sport

[2022-09-19 16:26:51 #11 type.registry] 
New type domain.Question

[2022-09-19 16:26:51 #12 type.registry] 
New type java.util.Vector<domain.Question>

[2022-09-19 16:26:51 #13 type] 
Type domain.User is not enhanced.

[2022-09-19 16:26:51 #14 type.registry] 
New type domain.Elkarrizketa

[2022-09-19 16:26:51 #15 type.registry] 
New type java.util.Vector<domain.Elkarrizketa>

[2022-09-19 16:26:51 #16 type.registry] 
New type domain.Message

[2022-09-19 16:26:51 #17 type.registry] 
New type java.util.Vector<domain.Message>

[2022-09-19 16:26:51 #18 type] 
Type domain.Registered is not enhanced.

[2022-09-19 16:26:51 #19 type.registry] 
New type domain.KirolEstatistikak

[2022-09-19 16:26:51 #20 type.registry] 
New type java.util.Vector<domain.KirolEstatistikak>

[2022-09-19 16:26:51 #21 type.registry] 
New type domain.Jarraitzailea

[2022-09-19 16:26:51 #22 type.registry] 
New type java.util.Vector<domain.Jarraitzailea>

[2022-09-19 16:26:51 #23 type.registry] 
New type domain.ApustuAnitza

[2022-09-19 16:26:51 #24 type.registry] 
New type java.util.Vector<domain.ApustuAnitza>

[2022-09-19 16:26:51 #25 type.registry] 
New type domain.Transaction

[2022-09-19 16:26:51 #26 type.registry] 
New type java.util.Vector<domain.Transaction>

[2022-09-19 16:26:51 #27 type] 
Type domain.Sport is not enhanced.

[2022-09-19 16:26:51 #28 type] 
Type domain.Question is not enhanced.

[2022-09-19 16:26:51 #29 type.registry] 
New type domain.Quote

[2022-09-19 16:26:51 #30 type.registry] 
New type java.util.Vector<domain.Quote>

[2022-09-19 16:26:51 #31 type] 
Type domain.Elkarrizketa is not enhanced.

[2022-09-19 16:26:51 #32 type] 
Type domain.Message is not enhanced.

[2022-09-19 16:26:51 #33 type] 
Type domain.KirolEstatistikak is not enhanced.

[2022-09-19 16:26:51 #34 type] 
Type domain.Jarraitzailea is not enhanced.

[2022-09-19 16:26:51 #35 type] 
Type domain.ApustuAnitza is not enhanced.

[2022-09-19 16:26:51 #36 type.registry] 
New type domain.Apustua

[2022-09-19 16:26:51 #37 type.registry] 
New type java.util.Vector<domain.Apustua>

[2022-09-19 16:26:51 #38 type] 
Type domain.Transaction is not enhanced.

[2022-09-19 16:26:51 #39 type] 
Type domain.Quote is not enhanced.

[2022-09-19 16:26:51 #40 type] 
Type domain.Apustua is not enhanced.

[2022-09-19 16:26:51 #41 type.registry] 
New type domain.Admin

[2022-09-19 16:26:51 #42 type] 
Type domain.Admin is not enhanced.

[2022-09-19 16:26:51 #43 type.registry] 
New type java.util.Vector<java.lang.Object>

------------------------------------------------------------------------------------------------------------------------

[2022-09-19 16:27:28 #1 store] 
Database 'C:\Users\Alex\git\SI2Proiektua\src\main\resources\bets.temp' has been recovered (tr. 1-10)

[2022-09-19 16:27:28 #2 store] 
Database 'C:\Users\Alex\git\SI2Proiektua\src\main\resources\bets.temp' is opened by 4696@DESKTOP-V42EGP8

[2022-09-19 16:27:28 #3 type] 
Type domain.Team is not enhanced.

[2022-09-19 16:27:28 #4 type] 
Type domain.Event is not enhanced.

[2022-09-19 16:27:28 #5 type] 
Type domain.User is not enhanced.

[2022-09-19 16:27:28 #6 type] 
Type domain.Registered is not enhanced.

[2022-09-19 16:27:28 #7 type] 
Type domain.Sport is not enhanced.

[2022-09-19 16:27:28 #8 type] 
Type domain.Question is not enhanced.

[2022-09-19 16:27:28 #9 type] 
Type domain.Elkarrizketa is not enhanced.

[2022-09-19 16:27:28 #10 type] 
Type domain.Message is not enhanced.

[2022-09-19 16:27:28 #11 type] 
Type domain.KirolEstatistikak is not enhanced.

[2022-09-19 16:27:28 #12 type] 
Type domain.Jarraitzailea is not enhanced.

[2022-09-19 16:27:28 #13 type] 
Type domain.ApustuAnitza is not enhanced.

[2022-09-19 16:27:28 #14 type] 
Type domain.Transaction is not enhanced.

[2022-09-19 16:27:28 #15 type] 
Type domain.Quote is not enhanced.

[2022-09-19 16:27:28 #16 type] 
Type domain.Apustua is not enhanced.

[2022-09-19 16:27:28 #17 type] 
Type domain.Admin is not enhanced.

------------------------------------------------------------------------------------------------------------------------

[2022-09-19 16:27:52 #1 store] 
Database 'C:\Users\Alex\git\SI2Proiektua\src\main\resources\bets.temp' is opened by 17760@DESKTOP-V42EGP8

[2022-09-19 16:27:52 #2 type.registry] 
New type domain.Team

[2022-09-19 16:27:52 #3 type] 
Type domain.Team is not enhanced.

[2022-09-19 16:27:52 #4 type.registry] 
New type domain.Event

[2022-09-19 16:27:52 #5 type.registry] 
New type java.util.Vector<domain.Event>

[2022-09-19 16:27:52 #6 type.registry] 
New type domain.User

[2022-09-19 16:27:52 #7 type.registry] 
New type domain.Registered

[2022-09-19 16:27:52 #8 type.registry] 
New type java.util.Vector<domain.Registered>

[2022-09-19 16:27:52 #9 type] 
Type domain.Event is not enhanced.

[2022-09-19 16:27:52 #10 type.registry] 
New type domain.Sport

[2022-09-19 16:27:52 #11 type.registry] 
New type domain.Question

[2022-09-19 16:27:52 #12 type.registry] 
New type java.util.Vector<domain.Question>

[2022-09-19 16:27:52 #13 type] 
Type domain.User is not enhanced.

[2022-09-19 16:27:52 #14 type.registry] 
New type domain.Elkarrizketa

[2022-09-19 16:27:52 #15 type.registry] 
New type java.util.Vector<domain.Elkarrizketa>

[2022-09-19 16:27:52 #16 type.registry] 
New type domain.Message

[2022-09-19 16:27:52 #17 type.registry] 
New type java.util.Vector<domain.Message>

[2022-09-19 16:27:52 #18 type] 
Type domain.Registered is not enhanced.

[2022-09-19 16:27:52 #19 type.registry] 
New type domain.KirolEstatistikak

[2022-09-19 16:27:52 #20 type.registry] 
New type java.util.Vector<domain.KirolEstatistikak>

[2022-09-19 16:27:52 #21 type.registry] 
New type domain.Jarraitzailea

[2022-09-19 16:27:52 #22 type.registry] 
New type java.util.Vector<domain.Jarraitzailea>

[2022-09-19 16:27:52 #23 type.registry] 
New type domain.ApustuAnitza

[2022-09-19 16:27:52 #24 type.registry] 
New type java.util.Vector<domain.ApustuAnitza>

[2022-09-19 16:27:52 #25 type.registry] 
New type domain.Transaction

[2022-09-19 16:27:52 #26 type.registry] 
New type java.util.Vector<domain.Transaction>

[2022-09-19 16:27:52 #27 type] 
Type domain.Sport is not enhanced.

[2022-09-19 16:27:52 #28 type] 
Type domain.Question is not enhanced.

[2022-09-19 16:27:52 #29 type.registry] 
New type domain.Quote

[2022-09-19 16:27:52 #30 type.registry] 
New type java.util.Vector<domain.Quote>

[2022-09-19 16:27:52 #31 type] 
Type domain.Elkarrizketa is not enhanced.

[2022-09-19 16:27:52 #32 type] 
Type domain.Message is not enhanced.

[2022-09-19 16:27:52 #33 type] 
Type domain.KirolEstatistikak is not enhanced.

[2022-09-19 16:27:52 #34 type] 
Type domain.Jarraitzailea is not enhanced.

[2022-09-19 16:27:52 #35 type] 
Type domain.ApustuAnitza is not enhanced.

[2022-09-19 16:27:52 #36 type.registry] 
New type domain.Apustua

[2022-09-19 16:27:52 #37 type.registry] 
New type java.util.Vector<domain.Apustua>

[2022-09-19 16:27:52 #38 type] 
Type domain.Transaction is not enhanced.

[2022-09-19 16:27:52 #39 type] 
Type domain.Quote is not enhanced.

[2022-09-19 16:27:52 #40 type] 
Type domain.Apustua is not enhanced.

[2022-09-19 16:27:52 #41 type.registry] 
New type domain.Admin

[2022-09-19 16:27:52 #42 type] 
Type domain.Admin is not enhanced.

[2022-09-19 16:27:52 #43 type.registry] 
>>>>>>> branch 'main' of https://github.com/AlexAmena/SI2Proiektua.git
New type java.util.Vector<java.lang.Object>

